  lzio.c
  lvm.c
  lutf8lib.c
  lundump.c
  ltm.c
  ltablib.c
  ltable.c
  lstrlib.c
  lstring.c
  lstate.c
  lparser.c
  loslib.c
  lopcodes.c
  lobject.c
  loadlib.c
  lmem.c
  lmathlib.c
  llex.c
  liolib.c
  linit.c
  正在生成代码...
  正在编译...
  lgc.c
  lfunc.c
  ldump.c
  ldo.c
  ldebug.c
  ldblib.c
  lctype.c
  lcorolib.c
  lcode.c
  lbitlib.c
  lbaselib.c
  lauxlib.c
  lapi.c
e:\codetest_self\github\lua-5.3.5\src\lapi.c(398): warning C4244: “return”: 从“lua_Unsigned”转换到“std::size_t”，可能丢失数据
  正在生成代码...
  lua5.3.5.vcxproj -> E:\CodeTest_Self\Github\lua-5.3.5\lua5.3.5\Debug\lua5.3.5.lib
